[30m2022-01-06 11:06:20,225[0;39m [34m[0;39m INFO [[34mmain[0;39m] [33morg.springframework.boot.StartupInfoLogger[0;39m : Starting RegisterServerApplication using Java 1.8.0_202 on DESKTOP-ENE6SCK with PID 659132 (C:\Users\Home\generafi\ng-trainning\microservice-organisation\register-server\target\classes started by Home in C:\Users\Home\generafi\ng-trainning\microservice-organisation\register-server)
[30m2022-01-06 11:06:20,230[0;39m [34m[0;39m INFO [[34mmain[0;39m] [33morg.springframework.boot.SpringApplication[0;39m : No active profile set, falling back to default profiles: default
[30m2022-01-06 11:06:24,756[0;39m [34m[0;39m INFO [[34mmain[0;39m] [33morg.springframework.cloud.context.scope.GenericScope[0;39m : BeanFactory id=cbee2ce4-44dc-3bfc-8e27-95a2cd318332
[30m2022-01-06 11:06:27,068[0;39m [34m[0;39m INFO [[34mmain[0;39m] [33morg.springframework.boot.web.embedded.tomcat.TomcatWebServer[0;39m : Tomcat initialized with port(s): 443 (http)
[30m2022-01-06 11:06:27,092[0;39m [34m[0;39m INFO [[34mmain[0;39m] [33morg.apache.juli.logging.DirectJDKLog[0;39m : Starting service [Tomcat]
[30m2022-01-06 11:06:27,093[0;39m [34m[0;39m INFO [[34mmain[0;39m] [33morg.apache.juli.logging.DirectJDKLog[0;39m : Starting Servlet engine: [Apache Tomcat/9.0.56]
[30m2022-01-06 11:06:27,342[0;39m [34m[0;39m INFO [[34mmain[0;39m] [33morg.apache.juli.logging.DirectJDKLog[0;39m : Initializing Spring embedded WebApplicationContext
[30m2022-01-06 11:06:27,342[0;39m [34m[0;39m INFO [[34mmain[0;39m] [33morg.springframework.boot.web.servlet.context.ServletWebServerApplicationContext[0;39m : Root WebApplicationContext: initialization completed in 6941 ms
[30m2022-01-06 11:06:28,407[0;39m [34m[0;39m INFO [[34mmain[0;39m] [33mcom.sun.jersey.server.impl.application.WebApplicationImpl[0;39m : Initiating Jersey application, version 'Jersey: 1.19.4 05/24/2017 03:20 PM'
[30m2022-01-06 11:06:28,531[0;39m [34m[0;39m INFO [[34mmain[0;39m] [33mcom.netflix.discovery.provider.DiscoveryJerseyProvider[0;39m : Using JSON encoding codec LegacyJacksonJson
[30m2022-01-06 11:06:28,534[0;39m [34m[0;39m INFO [[34mmain[0;39m] [33mcom.netflix.discovery.provider.DiscoveryJerseyProvider[0;39m : Using JSON decoding codec LegacyJacksonJson
[30m2022-01-06 11:06:28,820[0;39m [34m[0;39m INFO [[34mmain[0;39m] [33mcom.netflix.discovery.provider.DiscoveryJerseyProvider[0;39m : Using XML encoding codec XStreamXml
[30m2022-01-06 11:06:28,822[0;39m [34m[0;39m INFO [[34mmain[0;39m] [33mcom.netflix.discovery.provider.DiscoveryJerseyProvider[0;39m : Using XML decoding codec XStreamXml
[30m2022-01-06 11:06:31,564[0;39m [34m[0;39m INFO [[34mmain[0;39m] [33morg.springframework.cloud.netflix.eureka.config.DiscoveryClientOptionalArgsConfiguration[0;39m : Eureka HTTP Client uses Jersey
[30m2022-01-06 11:06:31,709[0;39m [31m[0;39m WARN [[34mmain[0;39m] [33morg.springframework.cloud.loadbalancer.config.LoadBalancerCacheAutoConfiguration$LoadBalancerCaffeineWarnLogger[0;39m : Spring Cloud LoadBalancer is currently working with the default cache. While this cache implementation is useful for development and tests, it's recommended to use Caffeine cache in production.You can switch to using Caffeine cache, by adding it and org.springframework.cache.caffeine.CaffeineCacheManager to the classpath.
[30m2022-01-06 11:06:31,797[0;39m [34m[0;39m INFO [[34mmain[0;39m] [33morg.springframework.cloud.netflix.eureka.InstanceInfoFactory[0;39m : Setting initial instance status as: STARTING
[30m2022-01-06 11:06:31,981[0;39m [34m[0;39m INFO [[34mmain[0;39m] [33mcom.netflix.discovery.DiscoveryClient[0;39m : Initializing Eureka in region us-east-1
[30m2022-01-06 11:06:31,982[0;39m [34m[0;39m INFO [[34mmain[0;39m] [33mcom.netflix.discovery.DiscoveryClient[0;39m : Client configured to neither register nor query for data.
[30m2022-01-06 11:06:32,007[0;39m [34m[0;39m INFO [[34mmain[0;39m] [33mcom.netflix.discovery.DiscoveryClient[0;39m : Discovery Client initialized at timestamp 1641463592003 with initial instances count: 0
[30m2022-01-06 11:06:32,074[0;39m [34m[0;39m INFO [[34mmain[0;39m] [33mcom.netflix.eureka.DefaultEurekaServerContext[0;39m : Initializing ...
[30m2022-01-06 11:06:32,080[0;39m [34m[0;39m INFO [[34mmain[0;39m] [33mcom.netflix.eureka.cluster.PeerEurekaNodes[0;39m : Adding new peer nodes [http://localhost:8761/eureka/]
[30m2022-01-06 11:06:32,614[0;39m [34m[0;39m INFO [[34mmain[0;39m] [33mcom.netflix.discovery.provider.DiscoveryJerseyProvider[0;39m : Using JSON encoding codec LegacyJacksonJson
[30m2022-01-06 11:06:32,615[0;39m [34m[0;39m INFO [[34mmain[0;39m] [33mcom.netflix.discovery.provider.DiscoveryJerseyProvider[0;39m : Using JSON decoding codec LegacyJacksonJson
[30m2022-01-06 11:06:32,615[0;39m [34m[0;39m INFO [[34mmain[0;39m] [33mcom.netflix.discovery.provider.DiscoveryJerseyProvider[0;39m : Using XML encoding codec XStreamXml
[30m2022-01-06 11:06:32,616[0;39m [34m[0;39m INFO [[34mmain[0;39m] [33mcom.netflix.discovery.provider.DiscoveryJerseyProvider[0;39m : Using XML decoding codec XStreamXml
[30m2022-01-06 11:06:32,859[0;39m [34m[0;39m INFO [[34mmain[0;39m] [33mcom.netflix.eureka.cluster.PeerEurekaNodes[0;39m : Replica node URL:  http://localhost:8761/eureka/
[30m2022-01-06 11:06:32,877[0;39m [34m[0;39m INFO [[34mmain[0;39m] [33mcom.netflix.eureka.registry.AbstractInstanceRegistry[0;39m : Finished initializing remote region registries. All known remote regions: []
[30m2022-01-06 11:06:32,887[0;39m [34m[0;39m INFO [[34mmain[0;39m] [33mcom.netflix.eureka.DefaultEurekaServerContext[0;39m : Initialized
[30m2022-01-06 11:06:32,920[0;39m [34m[0;39m INFO [[34mmain[0;39m] [33morg.springframework.boot.actuate.endpoint.web.EndpointLinksResolver[0;39m : Exposing 17 endpoint(s) beneath base path '/actuator'
[30m2022-01-06 11:06:32,982[0;39m [34m[0;39m INFO [[34mmain[0;39m] [33morg.springframework.cloud.netflix.eureka.serviceregistry.EurekaServiceRegistry[0;39m : Registering application DISCOVERY-SERVICE with eureka with status UP
[30m2022-01-06 11:06:32,997[0;39m [34m[0;39m INFO [[34mThread-10[0;39m] [33morg.springframework.cloud.netflix.eureka.server.EurekaServerBootstrap[0;39m : Setting the eureka configuration..
[30m2022-01-06 11:06:33,065[0;39m [34m[0;39m INFO [[34mThread-10[0;39m] [33morg.springframework.cloud.netflix.eureka.server.EurekaServerBootstrap[0;39m : isAws returned false
[30m2022-01-06 11:06:33,075[0;39m [34m[0;39m INFO [[34mThread-10[0;39m] [33morg.springframework.cloud.netflix.eureka.server.EurekaServerBootstrap[0;39m : Initialized server context
[30m2022-01-06 11:06:33,080[0;39m [34m[0;39m INFO [[34mThread-10[0;39m] [33mcom.netflix.eureka.registry.PeerAwareInstanceRegistryImpl[0;39m : Got 1 instances from neighboring DS node
[30m2022-01-06 11:06:33,082[0;39m [34m[0;39m INFO [[34mThread-10[0;39m] [33mcom.netflix.eureka.registry.PeerAwareInstanceRegistryImpl[0;39m : Renew threshold is: 1
[30m2022-01-06 11:06:33,084[0;39m [34m[0;39m INFO [[34mThread-10[0;39m] [33mcom.netflix.eureka.registry.PeerAwareInstanceRegistryImpl[0;39m : Changing status to UP
[30m2022-01-06 11:06:33,101[0;39m [34m[0;39m INFO [[34mThread-10[0;39m] [33morg.springframework.cloud.netflix.eureka.server.EurekaServerInitializerConfiguration[0;39m : Started Eureka Server
[30m2022-01-06 11:06:33,128[0;39m [34m[0;39m INFO [[34mmain[0;39m] [33morg.springframework.boot.web.embedded.tomcat.TomcatWebServer[0;39m : Tomcat started on port(s): 443 (http) with context path ''
[30m2022-01-06 11:06:33,149[0;39m [34m[0;39m INFO [[34mmain[0;39m] [33morg.springframework.cloud.netflix.eureka.serviceregistry.EurekaAutoServiceRegistration[0;39m : Updating port to 443
[30m2022-01-06 11:06:33,452[0;39m [34m[0;39m INFO [[34mmain[0;39m] [33morg.springframework.boot.StartupInfoLogger[0;39m : Started RegisterServerApplication in 14.794 seconds (JVM running for 15.734)
[30m2022-01-06 11:06:54,823[0;39m [34m[0;39m INFO [[34mhttp-nio-443-exec-1[0;39m] [33morg.apache.juli.logging.DirectJDKLog[0;39m : Initializing Spring DispatcherServlet 'dispatcherServlet'
[30m2022-01-06 11:06:54,863[0;39m [34m[0;39m INFO [[34mhttp-nio-443-exec-1[0;39m] [33morg.springframework.web.servlet.FrameworkServlet[0;39m : Initializing Servlet 'dispatcherServlet'
[30m2022-01-06 11:06:54,870[0;39m [34m[0;39m INFO [[34mhttp-nio-443-exec-1[0;39m] [33morg.springframework.web.servlet.FrameworkServlet[0;39m : Completed initialization in 5 ms
[30m2022-01-06 11:07:33,097[0;39m [34m[0;39m INFO [[34mEureka-EvictionTimer[0;39m] [33mcom.netflix.eureka.registry.AbstractInstanceRegistry$EvictionTask[0;39m : Running the evict task with compensationTime 0ms
[30m2022-01-06 11:08:01,137[0;39m [34m[0;39m INFO [[34mmain[0;39m] [33morg.springframework.boot.StartupInfoLogger[0;39m : Starting RegisterServerApplication using Java 1.8.0_202 on DESKTOP-ENE6SCK with PID 658656 (C:\Users\Home\generafi\ng-trainning\microservice-organisation\register-server\target\classes started by Home in C:\Users\Home\generafi\ng-trainning\microservice-organisation\register-server)
[30m2022-01-06 11:08:01,144[0;39m [34m[0;39m INFO [[34mmain[0;39m] [33morg.springframework.boot.SpringApplication[0;39m : No active profile set, falling back to default profiles: default
[30m2022-01-06 11:08:03,126[0;39m [34m[0;39m INFO [[34mmain[0;39m] [33morg.springframework.cloud.context.scope.GenericScope[0;39m : BeanFactory id=cbee2ce4-44dc-3bfc-8e27-95a2cd318332
[30m2022-01-06 11:08:03,821[0;39m [34m[0;39m INFO [[34mmain[0;39m] [33morg.springframework.boot.web.embedded.tomcat.TomcatWebServer[0;39m : Tomcat initialized with port(s): 443 (http)
[30m2022-01-06 11:08:03,841[0;39m [34m[0;39m INFO [[34mmain[0;39m] [33morg.apache.juli.logging.DirectJDKLog[0;39m : Starting service [Tomcat]
[30m2022-01-06 11:08:03,843[0;39m [34m[0;39m INFO [[34mmain[0;39m] [33morg.apache.juli.logging.DirectJDKLog[0;39m : Starting Servlet engine: [Apache Tomcat/9.0.56]
[30m2022-01-06 11:08:03,936[0;39m [34m[0;39m INFO [[34mmain[0;39m] [33morg.apache.juli.logging.DirectJDKLog[0;39m : Initializing Spring embedded WebApplicationContext
[30m2022-01-06 11:08:03,937[0;39m [34m[0;39m INFO [[34mmain[0;39m] [33morg.springframework.boot.web.servlet.context.ServletWebServerApplicationContext[0;39m : Root WebApplicationContext: initialization completed in 2685 ms
[30m2022-01-06 11:08:04,870[0;39m [34m[0;39m INFO [[34mmain[0;39m] [33mcom.sun.jersey.server.impl.application.WebApplicationImpl[0;39m : Initiating Jersey application, version 'Jersey: 1.19.4 05/24/2017 03:20 PM'
[30m2022-01-06 11:08:04,968[0;39m [34m[0;39m INFO [[34mmain[0;39m] [33mcom.netflix.discovery.provider.DiscoveryJerseyProvider[0;39m : Using JSON encoding codec LegacyJacksonJson
[30m2022-01-06 11:08:04,970[0;39m [34m[0;39m INFO [[34mmain[0;39m] [33mcom.netflix.discovery.provider.DiscoveryJerseyProvider[0;39m : Using JSON decoding codec LegacyJacksonJson
[30m2022-01-06 11:08:05,188[0;39m [34m[0;39m INFO [[34mmain[0;39m] [33mcom.netflix.discovery.provider.DiscoveryJerseyProvider[0;39m : Using XML encoding codec XStreamXml
[30m2022-01-06 11:08:05,189[0;39m [34m[0;39m INFO [[34mmain[0;39m] [33mcom.netflix.discovery.provider.DiscoveryJerseyProvider[0;39m : Using XML decoding codec XStreamXml
[30m2022-01-06 11:08:07,810[0;39m [34m[0;39m INFO [[34mmain[0;39m] [33morg.springframework.cloud.netflix.eureka.config.DiscoveryClientOptionalArgsConfiguration[0;39m : Eureka HTTP Client uses Jersey
[30m2022-01-06 11:08:07,929[0;39m [31m[0;39m WARN [[34mmain[0;39m] [33morg.springframework.cloud.loadbalancer.config.LoadBalancerCacheAutoConfiguration$LoadBalancerCaffeineWarnLogger[0;39m : Spring Cloud LoadBalancer is currently working with the default cache. While this cache implementation is useful for development and tests, it's recommended to use Caffeine cache in production.You can switch to using Caffeine cache, by adding it and org.springframework.cache.caffeine.CaffeineCacheManager to the classpath.
[30m2022-01-06 11:08:07,970[0;39m [34m[0;39m INFO [[34mmain[0;39m] [33morg.springframework.cloud.netflix.eureka.InstanceInfoFactory[0;39m : Setting initial instance status as: STARTING
[30m2022-01-06 11:08:08,050[0;39m [34m[0;39m INFO [[34mmain[0;39m] [33mcom.netflix.discovery.DiscoveryClient[0;39m : Initializing Eureka in region us-east-1
[30m2022-01-06 11:08:08,053[0;39m [34m[0;39m INFO [[34mmain[0;39m] [33mcom.netflix.discovery.DiscoveryClient[0;39m : Client configured to neither register nor query for data.
[30m2022-01-06 11:08:08,081[0;39m [34m[0;39m INFO [[34mmain[0;39m] [33mcom.netflix.discovery.DiscoveryClient[0;39m : Discovery Client initialized at timestamp 1641463688079 with initial instances count: 0
[30m2022-01-06 11:08:08,211[0;39m [34m[0;39m INFO [[34mmain[0;39m] [33mcom.netflix.eureka.DefaultEurekaServerContext[0;39m : Initializing ...
[30m2022-01-06 11:08:08,220[0;39m [34m[0;39m INFO [[34mmain[0;39m] [33mcom.netflix.eureka.cluster.PeerEurekaNodes[0;39m : Adding new peer nodes [http://localhost:8761/eureka/]
[30m2022-01-06 11:08:08,727[0;39m [34m[0;39m INFO [[34mmain[0;39m] [33mcom.netflix.discovery.provider.DiscoveryJerseyProvider[0;39m : Using JSON encoding codec LegacyJacksonJson
[30m2022-01-06 11:08:08,728[0;39m [34m[0;39m INFO [[34mmain[0;39m] [33mcom.netflix.discovery.provider.DiscoveryJerseyProvider[0;39m : Using JSON decoding codec LegacyJacksonJson
[30m2022-01-06 11:08:08,728[0;39m [34m[0;39m INFO [[34mmain[0;39m] [33mcom.netflix.discovery.provider.DiscoveryJerseyProvider[0;39m : Using XML encoding codec XStreamXml
[30m2022-01-06 11:08:08,729[0;39m [34m[0;39m INFO [[34mmain[0;39m] [33mcom.netflix.discovery.provider.DiscoveryJerseyProvider[0;39m : Using XML decoding codec XStreamXml
[30m2022-01-06 11:08:08,876[0;39m [34m[0;39m INFO [[34mmain[0;39m] [33mcom.netflix.eureka.cluster.PeerEurekaNodes[0;39m : Replica node URL:  http://localhost:8761/eureka/
[30m2022-01-06 11:08:08,913[0;39m [34m[0;39m INFO [[34mmain[0;39m] [33mcom.netflix.eureka.registry.AbstractInstanceRegistry[0;39m : Finished initializing remote region registries. All known remote regions: []
[30m2022-01-06 11:08:08,947[0;39m [34m[0;39m INFO [[34mmain[0;39m] [33mcom.netflix.eureka.DefaultEurekaServerContext[0;39m : Initialized
[30m2022-01-06 11:08:08,969[0;39m [34m[0;39m INFO [[34mmain[0;39m] [33morg.springframework.boot.actuate.endpoint.web.EndpointLinksResolver[0;39m : Exposing 17 endpoint(s) beneath base path '/actuator'
[30m2022-01-06 11:08:09,034[0;39m [34m[0;39m INFO [[34mmain[0;39m] [33morg.springframework.cloud.netflix.eureka.serviceregistry.EurekaServiceRegistry[0;39m : Registering application DISCOVERY-SERVICE with eureka with status UP
[30m2022-01-06 11:08:09,055[0;39m [34m[0;39m INFO [[34mThread-10[0;39m] [33morg.springframework.cloud.netflix.eureka.server.EurekaServerBootstrap[0;39m : Setting the eureka configuration..
[30m2022-01-06 11:08:09,117[0;39m [34m[0;39m INFO [[34mThread-10[0;39m] [33morg.springframework.cloud.netflix.eureka.server.EurekaServerBootstrap[0;39m : isAws returned false
[30m2022-01-06 11:08:09,121[0;39m [34m[0;39m INFO [[34mmain[0;39m] [33morg.springframework.boot.web.embedded.tomcat.TomcatWebServer[0;39m : Tomcat started on port(s): 443 (http) with context path ''
[30m2022-01-06 11:08:09,124[0;39m [34m[0;39m INFO [[34mThread-10[0;39m] [33morg.springframework.cloud.netflix.eureka.server.EurekaServerBootstrap[0;39m : Initialized server context
[30m2022-01-06 11:08:09,125[0;39m [34m[0;39m INFO [[34mThread-10[0;39m] [33mcom.netflix.eureka.registry.PeerAwareInstanceRegistryImpl[0;39m : Got 1 instances from neighboring DS node
[30m2022-01-06 11:08:09,125[0;39m [34m[0;39m INFO [[34mmain[0;39m] [33morg.springframework.cloud.netflix.eureka.serviceregistry.EurekaAutoServiceRegistration[0;39m : Updating port to 443
[30m2022-01-06 11:08:09,127[0;39m [34m[0;39m INFO [[34mThread-10[0;39m] [33mcom.netflix.eureka.registry.PeerAwareInstanceRegistryImpl[0;39m : Renew threshold is: 1
[30m2022-01-06 11:08:09,131[0;39m [34m[0;39m INFO [[34mThread-10[0;39m] [33mcom.netflix.eureka.registry.PeerAwareInstanceRegistryImpl[0;39m : Changing status to UP
[30m2022-01-06 11:08:09,149[0;39m [34m[0;39m INFO [[34mThread-10[0;39m] [33morg.springframework.cloud.netflix.eureka.server.EurekaServerInitializerConfiguration[0;39m : Started Eureka Server
[30m2022-01-06 11:08:09,534[0;39m [34m[0;39m INFO [[34mmain[0;39m] [33morg.springframework.boot.StartupInfoLogger[0;39m : Started RegisterServerApplication in 10.114 seconds (JVM running for 10.72)
[30m2022-01-06 11:08:45,936[0;39m [34m[0;39m INFO [[34mhttp-nio-443-exec-1[0;39m] [33morg.apache.juli.logging.DirectJDKLog[0;39m : Initializing Spring DispatcherServlet 'dispatcherServlet'
[30m2022-01-06 11:08:45,950[0;39m [34m[0;39m INFO [[34mhttp-nio-443-exec-1[0;39m] [33morg.springframework.web.servlet.FrameworkServlet[0;39m : Initializing Servlet 'dispatcherServlet'
[30m2022-01-06 11:08:45,952[0;39m [34m[0;39m INFO [[34mhttp-nio-443-exec-1[0;39m] [33morg.springframework.web.servlet.FrameworkServlet[0;39m : Completed initialization in 1 ms
[30m2022-01-06 11:09:09,204[0;39m [34m[0;39m INFO [[34mEureka-EvictionTimer[0;39m] [33mcom.netflix.eureka.registry.AbstractInstanceRegistry$EvictionTask[0;39m : Running the evict task with compensationTime 0ms
[30m2022-01-06 11:10:09,149[0;39m [34m[0;39m INFO [[34mEureka-EvictionTimer[0;39m] [33mcom.netflix.eureka.registry.AbstractInstanceRegistry$EvictionTask[0;39m : Running the evict task with compensationTime 0ms
[30m2022-01-06 11:11:09,159[0;39m [34m[0;39m INFO [[34mEureka-EvictionTimer[0;39m] [33mcom.netflix.eureka.registry.AbstractInstanceRegistry$EvictionTask[0;39m : Running the evict task with compensationTime 15ms
[30m2022-01-06 11:12:09,160[0;39m [34m[0;39m INFO [[34mEureka-EvictionTimer[0;39m] [33mcom.netflix.eureka.registry.AbstractInstanceRegistry$EvictionTask[0;39m : Running the evict task with compensationTime 1ms
[30m2022-01-06 11:13:09,173[0;39m [34m[0;39m INFO [[34mEureka-EvictionTimer[0;39m] [33mcom.netflix.eureka.registry.AbstractInstanceRegistry$EvictionTask[0;39m : Running the evict task with compensationTime 13ms
[30m2022-01-06 11:14:09,175[0;39m [34m[0;39m INFO [[34mEureka-EvictionTimer[0;39m] [33mcom.netflix.eureka.registry.AbstractInstanceRegistry$EvictionTask[0;39m : Running the evict task with compensationTime 1ms
[30m2022-01-06 11:15:09,184[0;39m [34m[0;39m INFO [[34mEureka-EvictionTimer[0;39m] [33mcom.netflix.eureka.registry.AbstractInstanceRegistry$EvictionTask[0;39m : Running the evict task with compensationTime 9ms
[30m2022-01-06 11:16:09,187[0;39m [34m[0;39m INFO [[34mEureka-EvictionTimer[0;39m] [33mcom.netflix.eureka.registry.AbstractInstanceRegistry$EvictionTask[0;39m : Running the evict task with compensationTime 2ms
[30m2022-01-06 11:17:09,196[0;39m [34m[0;39m INFO [[34mEureka-EvictionTimer[0;39m] [33mcom.netflix.eureka.registry.AbstractInstanceRegistry$EvictionTask[0;39m : Running the evict task with compensationTime 8ms
[30m2022-01-06 11:18:09,208[0;39m [34m[0;39m INFO [[34mEureka-EvictionTimer[0;39m] [33mcom.netflix.eureka.registry.AbstractInstanceRegistry$EvictionTask[0;39m : Running the evict task with compensationTime 12ms
[30m2022-01-06 11:19:09,220[0;39m [34m[0;39m INFO [[34mEureka-EvictionTimer[0;39m] [33mcom.netflix.eureka.registry.AbstractInstanceRegistry$EvictionTask[0;39m : Running the evict task with compensationTime 11ms
[30m2022-01-06 11:20:09,235[0;39m [34m[0;39m INFO [[34mEureka-EvictionTimer[0;39m] [33mcom.netflix.eureka.registry.AbstractInstanceRegistry$EvictionTask[0;39m : Running the evict task with compensationTime 15ms
[30m2022-01-06 11:21:09,246[0;39m [34m[0;39m INFO [[34mEureka-EvictionTimer[0;39m] [33mcom.netflix.eureka.registry.AbstractInstanceRegistry$EvictionTask[0;39m : Running the evict task with compensationTime 11ms
[30m2022-01-06 11:22:09,257[0;39m [34m[0;39m INFO [[34mEureka-EvictionTimer[0;39m] [33mcom.netflix.eureka.registry.AbstractInstanceRegistry$EvictionTask[0;39m : Running the evict task with compensationTime 11ms
[30m2022-01-06 11:23:08,992[0;39m [34m[0;39m INFO [[34mReplicaAwareInstanceRegistry - RenewalThresholdUpdater[0;39m] [33mcom.netflix.eureka.registry.PeerAwareInstanceRegistryImpl[0;39m : Current renewal threshold is : 1
[30m2022-01-06 11:23:09,262[0;39m [34m[0;39m INFO [[34mEureka-EvictionTimer[0;39m] [33mcom.netflix.eureka.registry.AbstractInstanceRegistry$EvictionTask[0;39m : Running the evict task with compensationTime 4ms
[30m2022-01-06 11:24:09,265[0;39m [34m[0;39m INFO [[34mEureka-EvictionTimer[0;39m] [33mcom.netflix.eureka.registry.AbstractInstanceRegistry$EvictionTask[0;39m : Running the evict task with compensationTime 2ms
[30m2022-01-06 11:25:09,279[0;39m [34m[0;39m INFO [[34mEureka-EvictionTimer[0;39m] [33mcom.netflix.eureka.registry.AbstractInstanceRegistry$EvictionTask[0;39m : Running the evict task with compensationTime 14ms
[30m2022-01-06 11:26:09,285[0;39m [34m[0;39m INFO [[34mEureka-EvictionTimer[0;39m] [33mcom.netflix.eureka.registry.AbstractInstanceRegistry$EvictionTask[0;39m : Running the evict task with compensationTime 5ms
[30m2022-01-06 11:27:09,285[0;39m [34m[0;39m INFO [[34mEureka-EvictionTimer[0;39m] [33mcom.netflix.eureka.registry.AbstractInstanceRegistry$EvictionTask[0;39m : Running the evict task with compensationTime 0ms
[30m2022-01-06 11:28:09,289[0;39m [34m[0;39m INFO [[34mEureka-EvictionTimer[0;39m] [33mcom.netflix.eureka.registry.AbstractInstanceRegistry$EvictionTask[0;39m : Running the evict task with compensationTime 4ms
[30m2022-01-06 11:29:09,298[0;39m [34m[0;39m INFO [[34mEureka-EvictionTimer[0;39m] [33mcom.netflix.eureka.registry.AbstractInstanceRegistry$EvictionTask[0;39m : Running the evict task with compensationTime 8ms
[30m2022-01-06 11:30:09,312[0;39m [34m[0;39m INFO [[34mEureka-EvictionTimer[0;39m] [33mcom.netflix.eureka.registry.AbstractInstanceRegistry$EvictionTask[0;39m : Running the evict task with compensationTime 13ms
[30m2022-01-06 11:31:09,323[0;39m [34m[0;39m INFO [[34mEureka-EvictionTimer[0;39m] [33mcom.netflix.eureka.registry.AbstractInstanceRegistry$EvictionTask[0;39m : Running the evict task with compensationTime 11ms
[30m2022-01-06 11:32:09,335[0;39m [34m[0;39m INFO [[34mEureka-EvictionTimer[0;39m] [33mcom.netflix.eureka.registry.AbstractInstanceRegistry$EvictionTask[0;39m : Running the evict task with compensationTime 12ms
[30m2022-01-06 11:33:09,336[0;39m [34m[0;39m INFO [[34mEureka-EvictionTimer[0;39m] [33mcom.netflix.eureka.registry.AbstractInstanceRegistry$EvictionTask[0;39m : Running the evict task with compensationTime 0ms
